0 0 0
0 1 0
0 2 0
0 3 0
0 4 0
0 5 0
1 0 0
1 1 0
1 4 4
1 5 5
2 0 0
2 1 1
2 2 1
2 4 8
2 5 10
3 0 0
3 1 3
3 2 3
3 3 12
3 3 15
3 4 12
3 4 15
3 5 12
3 5 15
4 0 0
4 0 4
4 0 15
4 0 18
4 1 0
4 1 4
4 1 15
4 1 18
4 2 0
4 2 4
4 2 15
4 2 18
4 3 0
4 3 4
4 3 15
4 3 18
4 4 16
4 4 17
4 4 19
4 4 20
4 5 16
4 5 17
4 5 19
4 5 20
5 0 0
5 0 1
5 0 4
5 0 5
5 0 15
5 0 16
5 0 18
5 0 19
5 0 21
5 0 22
5 0 24
5 0 25
5 1 0
5 1 1
5 1 4
5 1 5
5 1 15
5 1 16
5 1 18
5 1 19
5 1 21
5 1 22
5 1 24
5 1 25
5 2 0
5 2 1
5 2 4
5 2 5
5 2 15
5 2 16
5 2 18
5 2 19
5 2 21
5 2 22
5 2 24
5 2 25
5 3 0
5 3 1
5 3 4
5 3 5
5 3 15
5 3 16
5 3 18
5 3 19
5 3 21
5 3 22
5 3 24
5 3 25
5 4 0
5 4 1
5 4 4
5 4 5
5 4 15
5 4 16
5 4 18
5 4 19
5 4 21
5 4 22
5 4 24
5 4 25
5 5 0
5 5 1
5 5 4
5 5 5
5 5 15
5 5 16
5 5 18
5 5 19
5 5 21
5 5 22
5 5 24
5 5 25
5
